INFO [03-13|14:46:53] Maximum peer count                       ETH=25 LES=0 total=25
INFO [03-13|14:46:53] Starting peer-to-peer node               instance=Geth/v1.8.1-stable/darwin-amd64/go1.10
INFO [03-13|14:46:53] Allocated cache and file handles         database=/Users/eli/Library/Ethereum/rinkeby/geth/chaindata cache=768 handles=1024
INFO [03-13|14:46:53] Persisted trie from memory database      nodes=355 size=65.27kB time=401.033µs gcnodes=0 gcsize=0.00B gctime=0s livenodes=1 livesize=0.00B
INFO [03-13|14:46:53] Initialised chain configuration          config="{ChainID: 4 Homestead: 1 DAO: <nil> DAOSupport: true EIP150: 2 EIP155: 3 EIP158: 3 Byzantium: 1035301 Engine: clique}"
INFO [03-13|14:46:53] Initialising Ethereum protocol           versions="[63 62]" network=4
WARN [03-13|14:46:53] Head state missing, repairing chain      number=1926435 hash=9961a5…ec2f17
INFO [03-13|14:46:53] Rewound blockchain to past state         number=1926308 hash=885fdd…458e2a
INFO [03-13|14:46:53] Loaded most recent local header          number=1926435 hash=9961a5…ec2f17 td=3568372
INFO [03-13|14:46:53] Loaded most recent local full block      number=1926308 hash=885fdd…458e2a td=3568118
INFO [03-13|14:46:53] Loaded most recent local fast block      number=1926435 hash=9961a5…ec2f17 td=3568372
INFO [03-13|14:46:53] Loaded local transaction journal         transactions=0 dropped=0
INFO [03-13|14:46:53] Regenerated local transaction journal    transactions=0 accounts=0
WARN [03-13|14:46:53] Blockchain not empty, fast sync disabled 
INFO [03-13|14:46:54] Starting P2P networking 
INFO [03-13|14:46:56] UDP listener up                          self=enode://557989c2a1ab25f8af5ea7c8862b421636f601012b39271ce62aaebbd864ee58e3ea10e28385925b7d1fb1cc7f9c0612b61fa205bf58f10599289737dfb2fa37@[::]:30303
INFO [03-13|14:46:56] RLPx listener up                         self=enode://557989c2a1ab25f8af5ea7c8862b421636f601012b39271ce62aaebbd864ee58e3ea10e28385925b7d1fb1cc7f9c0612b61fa205bf58f10599289737dfb2fa37@[::]:30303
INFO [03-13|14:46:56] IPC endpoint opened                      url=/Users/eli/Library/Ethereum/rinkeby/geth.ipc
INFO [03-13|14:46:56] Etherbase automatically configured       address=0x0416a80d7Fb02218BFF069450c92A16CeDa06a93
INFO [03-13|14:47:00] IPC endpoint closed                      endpoint=/Users/eli/Library/Ethereum/rinkeby/geth.ipc
INFO [03-13|14:47:00] Writing cached state to disk             block=1926181 hash=325a8f…7bf241 root=e4e379…436395
INFO [03-13|14:47:00] Persisted trie from memory database      nodes=0   size=0.00B   time=3.688µs   gcnodes=0 gcsize=0.00B gctime=0s livenodes=1 livesize=0.00B
INFO [03-13|14:47:00] Blockchain manager stopped 
INFO [03-13|14:47:00] Stopping Ethereum protocol 
INFO [03-13|14:47:00] Ethereum protocol stopped 
INFO [03-13|14:47:00] Transaction pool stopped 
INFO [03-13|14:47:00] Database closed                          database=/Users/eli/Library/Ethereum/rinkeby/geth/chaindata
INFO [03-13|14:47:07] Maximum peer count                       ETH=25 LES=0 total=25
INFO [03-13|14:47:07] Starting peer-to-peer node               instance=Geth/v1.8.1-stable/darwin-amd64/go1.10
INFO [03-13|14:47:07] Allocated cache and file handles         database=/Users/eli/Library/Ethereum/rinkeby/geth/chaindata cache=768 handles=1024
INFO [03-13|14:47:07] Persisted trie from memory database      nodes=355 size=65.27kB time=479.855µs gcnodes=0 gcsize=0.00B gctime=0s livenodes=1 livesize=0.00B
INFO [03-13|14:47:07] Initialised chain configuration          config="{ChainID: 4 Homestead: 1 DAO: <nil> DAOSupport: true EIP150: 2 EIP155: 3 EIP158: 3 Byzantium: 1035301 Engine: clique}"
INFO [03-13|14:47:07] Initialising Ethereum protocol           versions="[63 62]" network=4
WARN [03-13|14:47:07] Head state missing, repairing chain      number=1926435 hash=9961a5…ec2f17
INFO [03-13|14:47:07] Rewound blockchain to past state         number=1926308 hash=885fdd…458e2a
INFO [03-13|14:47:07] Loaded most recent local header          number=1926435 hash=9961a5…ec2f17 td=3568372
INFO [03-13|14:47:07] Loaded most recent local full block      number=1926308 hash=885fdd…458e2a td=3568118
INFO [03-13|14:47:07] Loaded most recent local fast block      number=1926435 hash=9961a5…ec2f17 td=3568372
INFO [03-13|14:47:07] Loaded local transaction journal         transactions=0 dropped=0
INFO [03-13|14:47:07] Regenerated local transaction journal    transactions=0 accounts=0
WARN [03-13|14:47:07] Blockchain not empty, fast sync disabled 
INFO [03-13|14:47:07] Starting P2P networking 
INFO [03-13|14:47:09] UDP listener up                          self=enode://557989c2a1ab25f8af5ea7c8862b421636f601012b39271ce62aaebbd864ee58e3ea10e28385925b7d1fb1cc7f9c0612b61fa205bf58f10599289737dfb2fa37@[::]:30303
INFO [03-13|14:47:09] RLPx listener up                         self=enode://557989c2a1ab25f8af5ea7c8862b421636f601012b39271ce62aaebbd864ee58e3ea10e28385925b7d1fb1cc7f9c0612b61fa205bf58f10599289737dfb2fa37@[::]:30303
INFO [03-13|14:47:09] IPC endpoint opened                      url=/Users/eli/Library/Ethereum/rinkeby/geth.ipc
INFO [03-13|14:47:54] Got interrupt, shutting down... 
INFO [03-13|14:47:54] IPC endpoint closed                      endpoint=/Users/eli/Library/Ethereum/rinkeby/geth.ipc
INFO [03-13|14:47:54] Writing cached state to disk             block=1926181 hash=325a8f…7bf241 root=e4e379…436395
INFO [03-13|14:47:54] Persisted trie from memory database      nodes=0   size=0.00B   time=3.043µs   gcnodes=0 gcsize=0.00B gctime=0s livenodes=1 livesize=0.00B
INFO [03-13|14:47:54] Blockchain manager stopped 
INFO [03-13|14:47:54] Stopping Ethereum protocol 
INFO [03-13|14:47:55] Ethereum protocol stopped 
INFO [03-13|14:47:55] Transaction pool stopped 
INFO [03-13|14:47:55] Database closed                          database=/Users/eli/Library/Ethereum/rinkeby/geth/chaindata
